0 0 0.734628 126.314 108.311 192.327 0
0 -111.263 197.57 0
0.01 -148.485 263.664 0.576914
0.02 -154.962 275.167 1.03008
0.03 -146.211 259.626 1.35261
0.04 -133.56 237.162 1.58371
0.05 -121.094 215.027 1.75596
0.06 -109.879 195.112 1.88977
0.07 -100.028 177.619 1.99745
0.08 -91.3966 162.293 2.08667
0.09 -83.7963 148.797 2.16235
0.1 -77.0531 136.823 2.2278
0.11 -71.0217 126.113 2.28529
0.12 -65.5843 116.458 2.33649
0.13 -60.6462 107.689 2.38259
0.14 -56.1313 99.6722 2.42451
0.15 -51.9777 92.2968 2.46294
0.16 -48.1353 85.4738 2.49843
0.17 -44.5628 79.13 2.53142
0.18 -41.2258 73.2045 2.56225
0.19 -38.0957 67.6465 2.59122
0.2 -35.1485 62.4131 2.61856
0.21 -32.3637 57.4681 2.64447
0.22 -29.7238 52.7805 2.66912
0.23 -27.2139 48.3236 2.69264
0.24 -24.8209 44.0744 2.71517
0.25 -22.5335 40.0127 2.7368
0.26 -20.3419 36.1211 2.75763
0.27 -18.2374 32.3842 2.77773
0.28 -16.2123 28.7882 2.79719
0.29 -14.2598 25.3212 2.81605
0.3 -12.3739 21.9722 2.83438
0.31 -10.549 18.7318 2.85222
0.32 -8.78032 15.5912 2.86963
0.33 -7.06347 12.5426 2.88663
0.34 -5.39446 9.57894 2.90327
0.35 -3.76967 6.6938 2.91958
0.36 -2.1858 3.88132 2.9356
0.37 -0.639847 1.13617 2.95134
0.38 0.870955 -1.54655 2.96684
0.39 2.34914 -4.17137 2.98213
0.4 3.79705 -6.74243 2.99721
0.41 5.21686 -9.26357 3.01212
0.42 6.61057 -11.7384 3.02688
0.43 7.98005 -14.1702 3.04151
0.44 9.32704 -16.562 3.05601
0.45 10.6532 -18.9168 3.07042
0.46 11.96 -21.2373 3.08475
0.47 13.2489 -23.5261 3.09902
0.48 14.5213 -25.7855 3.11324
0.49 15.7785 -28.0178 3.12742
0.5 17.0216 -30.2252 -3.14159
0.51 18.2518 -32.4097 -3.12742
0.52 19.4702 -34.5733 -3.11324
0.53 20.678 -36.7178 -3.09902
0.54 21.876 -38.8451 -3.08475
0.55 23.0652 -40.9568 -3.07042
0.56 24.2466 -43.0547 -3.05601
0.57 25.4211 -45.1402 -3.04151
0.58 26.5895 -47.2149 -3.02688
0.59 27.7526 -49.2802 -3.01212
0.6 28.9113 -51.3377 -2.99721
0.61 30.0663 -53.3887 -2.98213
0.62 31.2184 -55.4345 -2.96684
0.63 32.3683 -57.4764 -2.95134
0.64 33.5167 -59.5156 -2.9356
0.65 34.6643 -61.5534 -2.91958
0.66 35.8117 -63.5908 -2.90327
0.67 36.9595 -65.629 -2.88663
0.68 38.1083 -67.6689 -2.86963
0.69 39.2585 -69.7113 -2.85222
0.7 40.4107 -71.7572 -2.83438
0.71 41.5651 -73.8072 -2.81605
0.72 42.7221 -75.8617 -2.79719
0.73 43.8819 -77.921 -2.77773
0.74 45.0443 -79.9851 -2.75763
0.75 46.2092 -82.0536 -2.7368
0.76 47.3762 -84.1258 -2.71517
0.77 48.5444 -86.2002 -2.69264
0.78 49.7126 -88.2746 -2.66912
0.79 50.879 -90.3458 -2.64447
0.8 52.041 -92.4092 -2.61856
0.81 53.195 -94.4582 -2.59122
0.82 54.3358 -96.484 -2.56225
0.83 55.4566 -98.4741 -2.53142
0.84 56.5475 -100.411 -2.49843
0.85 57.5954 -102.272 -2.46294
0.86 58.5812 -104.023 -2.42451
0.87 59.4784 -105.616 -2.38259
0.88 60.249 -106.984 -2.33649
0.89 60.8373 -108.029 -2.28529
0.9 61.1606 -108.603 -2.2278
0.91 61.0932 -108.483 -2.16235
0.92 60.4377 -107.319 -2.08667
0.93 58.8745 -104.543 -1.99745
0.94 55.8664 -99.202 -1.88977
0.95 50.4718 -89.6227 -1.75596
0.96 40.9755 -72.7601 -1.58371
0.97 24.201 -42.9738 -1.35261
0.98 -5.31381 9.43572 -1.03008
0.99 -53.2783 94.6062 -0.576913
1 -111.263 197.57 8.94261e-07
1.01 -148.485 263.664 0.576915
1.02 -154.962 275.166 1.03008
1.03 -146.211 259.626 1.35261
1.04 -133.56 237.162 1.58371
1.05 -121.094 215.027 1.75597
1.06 -109.879 195.112 1.88977
1.07 -100.028 177.619 1.99745
1.08 -91.3966 162.293 2.08667
1.09 -83.7963 148.797 2.16235
1.1 -77.0531 136.823 2.2278
1.11 -71.0217 126.113 2.28529
1.12 -65.5843 116.458 2.33649
1.13 -60.6462 107.689 2.38259
1.14 -56.1313 99.6722 2.42451
1.15 -51.9777 92.2968 2.46294
1.16 -48.1353 85.4738 2.49843
1.17 -44.5628 79.13 2.53142
1.18 -41.2257 73.2045 2.56225
1.19 -38.0957 67.6465 2.59122
1.2 -35.1485 62.4131 2.61856
1.21 -32.3637 57.4681 2.64447
1.22 -29.7238 52.7805 2.66912
1.23 -27.2138 48.3236 2.69264
1.24 -24.8209 44.0744 2.71517
1.25 -22.5335 40.0127 2.7368
1.26 -20.3419 36.1211 2.75763
1.27 -18.2374 32.3842 2.77773
1.28 -16.2123 28.7882 2.79719
1.29 -14.2598 25.3212 2.81605
1.3 -12.3739 21.9722 2.83438
1.31 -10.549 18.7318 2.85222
1.32 -8.78032 15.5912 2.86963
1.33 -7.06347 12.5426 2.88663
1.34 -5.39446 9.57893 2.90327
1.35 -3.76967 6.69379 2.91958
1.36 -2.1858 3.88132 2.9356
1.37 -0.639844 1.13617 2.95134
1.38 0.870957 -1.54656 2.96684
1.39 2.34914 -4.17137 2.98213
1.4 3.79706 -6.74243 2.99721
1.41 5.21686 -9.26358 3.01212
1.42 6.61057 -11.7384 3.02688
1.43 7.98005 -14.1702 3.04151
1.44 9.32704 -16.562 3.05601
1.45 10.6532 -18.9168 3.07042
1.46 11.96 -21.2373 3.08475
1.47 13.2489 -23.5261 3.09902
1.48 14.5213 -25.7855 3.11324
1.49 15.7785 -28.0178 3.12742
